<?xml version="1.0" encoding="UTF-8"?>
<testsuite name="is.ru.hugb.StringCalculatorTest" tests="3" skipped="0" failures="0" errors="0" timestamp="2017-10-12T21:49:25" hostname="DESKTOP-HR4CJFR" time="0.003">
  <properties/>
  <testcase name="testTwoNumber" classname="is.ru.hugb.StringCalculatorTest" time="0.002"/>
  <testcase name="testEmptyString" classname="is.ru.hugb.StringCalculatorTest" time="0.0"/>
  <testcase name="testOneNumber" classname="is.ru.hugb.StringCalculatorTest" time="0.0"/>
  <system-out><![CDATA[]]></system-out>
  <system-err><![CDATA[]]></system-err>
</testsuite>
